<?xml version="1.0" encoding="UTF-8"?>
<testsuite name="com.sportsladder.service.PlayerServiceImplTest" time="0.082" tests="4" errors="0" skipped="0" failures="0">
  <properties>
[...]
</properties>
  <testcase name="checkRankGapCurrentNullRank" classname="com.sportsladder.service.PlayerServiceImplTest" time="0.046"/>
  <testcase name="checkRankGapNegativeFirst" classname="com.sportsladder.service.PlayerServiceImplTest" time="0.008"/>
  <testcase name="checkRankGapPositive" classname="com.sportsladder.service.PlayerServiceImplTest" time="0.018"/>
  <testcase name="checkRankGapNegative" classname="com.sportsladder.service.PlayerServiceImplTest" time="0.01"/>
</testsuite>